Added Component: Designator=U3(TSSOP20)
Added Pin To Net: NetName=GND Pin=U3-1
Added Pin To Net: NetName=PWM-CH1-A Pin=U3-2
Added Pin To Net: NetName=PWM-CH1-B Pin=U3-3
Added Pin To Net: NetName=PWM-CH2-A Pin=U3-4
Added Pin To Net: NetName=PWM-CH2-B Pin=U3-5
Added Pin To Net: NetName=GND Pin=U3-6
Added Pin To Net: NetName=GND Pin=U3-7
Added Pin To Net: NetName=GND Pin=U3-8
Added Pin To Net: NetName=GND Pin=U3-9
Added Pin To Net: NetName=GND Pin=U3-10
Added Pin To Net: NetName=GND Pin=U3-11
Added Pin To Net: NetName=GND Pin=U3-12
Added Pin To Net: NetName=GND Pin=U3-13
Added Pin To Net: NetName=GND Pin=U3-14
Added Pin To Net: NetName=MCU-PWM3 Pin=U3-15
Added Pin To Net: NetName=MCU-PWM2 Pin=U3-16
Added Pin To Net: NetName=MCU-PWM1 Pin=U3-17
Added Pin To Net: NetName=MCU-PWM0 Pin=U3-18
Added Pin To Net: NetName=GND Pin=U3-19
Added Pin To Net: NetName=VCC3V3 Pin=U3-20
Added Member To Class: ClassName=Sheet-ThermalType-STM32 Member=Component U3 74LVC245A
