Added Component: Designator=C1(0603c)
Added Component: Designator=C2(0603c)
Added Component: Designator=C3(0603c)
Added Component: Designator=C4(0603c)
Added Component: Designator=C5(0603C)
Added Component: Designator=C6(0603C)
Added Component: Designator=C7(ECAP_V)
Added Component: Designator=C8(0603C)
Added Component: Designator=C9(0603C)
Added Component: Designator=C10(0603C)
Added Component: Designator=J1(USB-TYPEC-16P)
Added Component: Designator=K1(KEY)
Added Component: Designator=K2(²à½Å6*6*XÎ¢¶¯°´¼ü)
Added Component: Designator=K3(²à½Å6*6*XÎ¢¶¯°´¼ü)
Added Component: Designator=K4(²à½Å6*6*XÎ¢¶¯°´¼ü)
Added Component: Designator=L1(RGB_3528)
Added Component: Designator=LED1(0603LED)
Added Component: Designator=P1(PT48D-HLV)
Added Component: Designator=P2(SH1.25_LT_4P)
Add component (AddParameter): Name = "LatestRevisionDate"; Value = "17-Jul-2002"; VariantName = "[No Variations]"
Add component (AddParameter): Name = "LatestRevisionNote"; Value = "Re-released for DXP Platform."; VariantName = "[No Variations]"
Add component (AddParameter): Name = "Publisher"; Value = "Altium Limited"; VariantName = "[No Variations]"
Added Component: Designator=Q1(CJ2333)
Added Component: Designator=Q2(2N7002)
Add component (AddParameter): Name = "Code_JEDEC"; Value = "TO-220-AB"; VariantName = "[No Variations]"
Add component (AddParameter): Name = "ComponentLink1Description"; Value = "Manufacturer Link"; VariantName = "[No Variations]"
Add component (AddParameter): Name = "ComponentLink1URL"; Value = "http://www.irf.com/"; VariantName = "[No Variations]"
Add component (AddParameter): Name = "DatasheetDocument"; Value = "PD-9.814"; VariantName = "[No Variations]"
Add component (AddParameter): Name = "LatestRevisionDate"; Value = "17-Jul-2002"; VariantName = "[No Variations]"
Add component (AddParameter): Name = "LatestRevisionNote"; Value = "Re-released for DXP Platform."; VariantName = "[No Variations]"
Add component (AddParameter): Name = "Note"; Value = "Pin 2 is electrically connected to pin 4."; VariantName = "[No Variations]"
Add component (AddParameter): Name = "PackageReference"; Value = "TO-220AB"; VariantName = "[No Variations]"
Add component (AddParameter): Name = "Published"; Value = "8-Jun-2000"; VariantName = "[No Variations]"
Add component (AddParameter): Name = "Publisher"; Value = "Altium Limited"; VariantName = "[No Variations]"
Added Component: Designator=R1(0603r)
Added Component: Designator=R2(0603r)
Added Component: Designator=R3(0603r)
Added Component: Designator=R4(0603r)
Added Component: Designator=R5(0603r)
Added Component: Designator=R6(0603RES)
Added Component: Designator=R7(0805R)
Added Component: Designator=R8(0805R)
Added Component: Designator=R9(0603r)
Added Component: Designator=R10(0603RES)
Added Component: Designator=R11(0603r)
Added Component: Designator=R12(0603r)
Added Component: Designator=R13(0603r)
Added Component: Designator=U1(STM-LQFP48_N)
Add component (AddParameter): Name = "A/D Converter"; Value = "2x12-bit (10 Channel)"; VariantName = "[No Variations]"
Add component (AddParameter): Name = "ComponentLink1Description"; Value = "Manufacturer URL"; VariantName = "[No Variations]"
Add component (AddParameter): Name = "ComponentLink1URL"; Value = "http://www.st.com/web/en/home.html"; VariantName = "[No Variations]"
Add component (AddParameter): Name = "ComponentLink2Description"; Value = "Datasheet"; VariantName = "[No Variations]"
Add component (AddParameter): Name = "ComponentLink2URL"; Value = "http://www.st.com/st-web-ui/static/active/en/resource/technical/document/datasheet/CD00161566.pdf"; VariantName = "[No Variations]"
Add component (AddParameter): Name = "ComponentLink3Description"; Value = "Package Specification"; VariantName = "[No Variations]"
Add component (AddParameter): Name = "ComponentLink3URL"; Value = "http://www.st.com/st-web-ui/static/active/en/resource/technical/document/datasheet/DM00058181.pdf"; VariantName = "[No Variations]"
Add component (AddParameter): Name = "Core"; Value = "ARM Cortex-M3"; VariantName = "[No Variations]"
Add component (AddParameter): Name = "DatasheetVersion"; Value = "Rev. 16"; VariantName = "[No Variations]"
Add component (AddParameter): Name = "FLASH Size (Prog) (kB)"; Value = "64"; VariantName = "[No Variations]"
Add component (AddParameter): Name = "I/Os (High Current)"; Value = "37"; VariantName = "[No Variations]"
Add component (AddParameter): Name = "Internal RAM Size (kB)"; Value = "20"; VariantName = "[No Variations]"
Add component (AddParameter): Name = "Mounting Technology"; Value = "Surface Mount"; VariantName = "[No Variations]"
Add component (AddParameter): Name = "Operating Frequency(F) (Processor speed) (MHz)"; Value = "72"; VariantName = "[No Variations]"
Add component (AddParameter): Name = "PackageDescription"; Value = "48-Pin Low Profile Quad Flat Package, 7 x 7 mm Body, 0.5 mm Pitch"; VariantName = "[No Variations]"
Add component (AddParameter): Name = "PackageReference"; Value = "LQFP48"; VariantName = "[No Variations]"
Add component (AddParameter): Name = "PackageVersion"; Value = "Rev. 6, 06/2013"; VariantName = "[No Variations]"
Add component (AddParameter): Name = "Packing"; Value = "Tray"; VariantName = "[No Variations]"
Add component (AddParameter): Name = "PartNumber"; Value = "STM32F103C8T6"; VariantName = "[No Variations]"
Add component (AddParameter): Name = "Supplier 1"; Value = "Digi-Key"; VariantName = "[No Variations]"
Add component (AddParameter): Name = "Supplier 2"; Value = "Farnell"; VariantName = "[No Variations]"
Add component (AddParameter): Name = "Supplier 3"; Value = "Newark"; VariantName = "[No Variations]"
Add component (AddParameter): Name = "Supplier 4"; Value = "Newark"; VariantName = "[No Variations]"
Add component (AddParameter): Name = "Supplier 5"; Value = "Mouser"; VariantName = "[No Variations]"
Add component (AddParameter): Name = "Supplier Part Number 1"; Value = "497-6063-ND"; VariantName = "[No Variations]"
Add component (AddParameter): Name = "Supplier Part Number 2"; Value = "1447637"; VariantName = "[No Variations]"
Add component (AddParameter): Name = "Supplier Part Number 3"; Value = "59M2182"; VariantName = "[No Variations]"
Add component (AddParameter): Name = "Supplier Part Number 4"; Value = "57P1222"; VariantName = "[No Variations]"
Add component (AddParameter): Name = "Supplier Part Number 5"; Value = "511-STM32F103C8T6"; VariantName = "[No Variations]"
Add component (AddParameter): Name = "Supply Voltage(Vcc) min (V)"; Value = "2"; VariantName = "[No Variations]"
Added Component: Designator=U2(DRV8833)
Added Component: Designator=U3(TSSOP20)
Added Component: Designator=U4(SOT-143)
Added Component: Designator=U5(AMS1117_SOT223)
Added Component: Designator=Y1(XTAL_8M)
Added Pin To Net: NetName=GND Pin=C1-1
Added Pin To Net: NetName=GND Pin=C2-1
Added Pin To Net: NetName=GND Pin=C3-1
Added Pin To Net: NetName=GND Pin=C4-2
Added Pin To Net: NetName=GND Pin=C5-1
Added Pin To Net: NetName=GND Pin=C7-2
Added Pin To Net: NetName=GND Pin=C8-2
Added Pin To Net: NetName=GND Pin=C9-1
Added Pin To Net: NetName=GND Pin=C10-1
Added Pin To Net: NetName=GND Pin=J1-A1
Added Pin To Net: NetName=GND Pin=J1-A12
Added Pin To Net: NetName=GND Pin=J1-B1
Added Pin To Net: NetName=GND Pin=J1-B12
Added Pin To Net: NetName=GND Pin=K1-2
Added Pin To Net: NetName=GND Pin=K1-2
Added Pin To Net: NetName=GND Pin=K2-1
Added Pin To Net: NetName=GND Pin=K3-1
Added Pin To Net: NetName=GND Pin=K4-1
Added Pin To Net: NetName=GND Pin=LED1-2
Added Pin To Net: NetName=GND Pin=P1-2
Added Pin To Net: NetName=GND Pin=P1-9
Added Pin To Net: NetName=GND Pin=P1-10
Added Pin To Net: NetName=GND Pin=P1-11
Added Pin To Net: NetName=GND Pin=P1-15
Added Pin To Net: NetName=GND Pin=P1-16
Added Pin To Net: NetName=GND Pin=P1-17
Added Pin To Net: NetName=GND Pin=P2-1
Added Pin To Net: NetName=GND Pin=Q2-2
Added Pin To Net: NetName=GND Pin=R2-2
Added Pin To Net: NetName=GND Pin=R7-2
Added Pin To Net: NetName=GND Pin=R8-2
Added Pin To Net: NetName=GND Pin=R10-1
Added Pin To Net: NetName=GND Pin=R10-2
Added Pin To Net: NetName=GND Pin=R10-3
Added Pin To Net: NetName=GND Pin=R10-4
Added Pin To Net: NetName=GND Pin=R11-1
Added Pin To Net: NetName=GND Pin=U1-8
Added Pin To Net: NetName=GND Pin=U1-23
Added Pin To Net: NetName=GND Pin=U1-35
Added Pin To Net: NetName=GND Pin=U1-44
Added Pin To Net: NetName=GND Pin=U1-47
Added Pin To Net: NetName=GND Pin=U2-13
Added Pin To Net: NetName=GND Pin=U2-13
Added Pin To Net: NetName=GND Pin=U3-1
Added Pin To Net: NetName=GND Pin=U3-6
Added Pin To Net: NetName=GND Pin=U3-7
Added Pin To Net: NetName=GND Pin=U3-8
Added Pin To Net: NetName=GND Pin=U3-9
Added Pin To Net: NetName=GND Pin=U3-10
Added Pin To Net: NetName=GND Pin=U3-11
Added Pin To Net: NetName=GND Pin=U3-12
Added Pin To Net: NetName=GND Pin=U3-13
Added Pin To Net: NetName=GND Pin=U3-14
Added Pin To Net: NetName=GND Pin=U3-19
Added Pin To Net: NetName=GND Pin=U4-1
Added Pin To Net: NetName=GND Pin=U5-1
Added Pin To Net: NetName=GND Pin=Y1-3
Added Net: Name=GND
Added Pin To Net: NetName=MCU-PWM0 Pin=R10-5
Added Pin To Net: NetName=MCU-PWM0 Pin=U1-10
Added Pin To Net: NetName=MCU-PWM0 Pin=U3-18
Added Net: Name=MCU-PWM0
Added Pin To Net: NetName=MCU-PWM1 Pin=R10-6
Added Pin To Net: NetName=MCU-PWM1 Pin=U1-11
Added Pin To Net: NetName=MCU-PWM1 Pin=U3-17
Added Net: Name=MCU-PWM1
Added Pin To Net: NetName=MCU-PWM2 Pin=R10-7
Added Pin To Net: NetName=MCU-PWM2 Pin=U1-12
Added Pin To Net: NetName=MCU-PWM2 Pin=U3-16
Added Net: Name=MCU-PWM2
Added Pin To Net: NetName=MCU-PWM3 Pin=R10-8
Added Pin To Net: NetName=MCU-PWM3 Pin=U1-13
Added Pin To Net: NetName=MCU-PWM3 Pin=U3-15
Added Net: Name=MCU-PWM3
Added Pin To Net: NetName=MOTOR-CH1 Pin=P1-21
Added Pin To Net: NetName=MOTOR-CH1 Pin=U2-2
Added Net: Name=MOTOR-CH1
Added Pin To Net: NetName=MOTOR-CH2 Pin=P1-22
Added Pin To Net: NetName=MOTOR-CH2 Pin=U2-4
Added Net: Name=MOTOR-CH2
Added Pin To Net: NetName=MOTOR-CH3 Pin=P1-23
Added Pin To Net: NetName=MOTOR-CH3 Pin=U2-7
Added Net: Name=MOTOR-CH3
Added Pin To Net: NetName=MOTOR-CH4 Pin=P1-24
Added Pin To Net: NetName=MOTOR-CH4 Pin=U2-5
Added Net: Name=MOTOR-CH4
Added Pin To Net: NetName=NetC4_1 Pin=C4-1
Added Pin To Net: NetName=NetC4_1 Pin=K1-1
Added Pin To Net: NetName=NetC4_1 Pin=K1-1
Added Pin To Net: NetName=NetC4_1 Pin=R5-1
Added Pin To Net: NetName=NetC4_1 Pin=U1-7
Added Net: Name=NetC4_1
Added Pin To Net: NetName=NetC5_2 Pin=C5-2
Added Pin To Net: NetName=NetC5_2 Pin=U2-14
Added Net: Name=NetC5_2
Added Pin To Net: NetName=NetC6_1 Pin=C6-1
Added Pin To Net: NetName=NetC6_1 Pin=U2-11
Added Net: Name=NetC6_1
Added Pin To Net: NetName=NetL1_1 Pin=L1-1
Added Pin To Net: NetName=NetL1_1 Pin=R6-3
Added Net: Name=NetL1_1
Added Pin To Net: NetName=NetL1_3 Pin=L1-3
Added Pin To Net: NetName=NetL1_3 Pin=R6-1
Added Net: Name=NetL1_3
Added Pin To Net: NetName=NetL1_4 Pin=L1-4
Added Pin To Net: NetName=NetL1_4 Pin=R6-2
Added Net: Name=NetL1_4
Added Pin To Net: NetName=NetLED1_1 Pin=LED1-1
Added Pin To Net: NetName=NetLED1_1 Pin=R12-2
Added Net: Name=NetLED1_1
Added Pin To Net: NetName=NetP1_3 Pin=P1-3
Added Pin To Net: NetName=NetP1_3 Pin=R3-1
Added Net: Name=NetP1_3
Added Pin To Net: NetName=NetQ1_1 Pin=Q1-1
Added Pin To Net: NetName=NetQ1_1 Pin=Q2-3
Added Pin To Net: NetName=NetQ1_1 Pin=R9-2
Added Net: Name=NetQ1_1
Added Pin To Net: NetName=NetR7_1 Pin=R7-1
Added Pin To Net: NetName=NetR7_1 Pin=U2-3
Added Net: Name=NetR7_1
Added Pin To Net: NetName=NetR8_1 Pin=R8-1
Added Pin To Net: NetName=NetR8_1 Pin=U2-6
Added Net: Name=NetR8_1
Added Pin To Net: NetName=NetU1_5 Pin=U1-5
Added Pin To Net: NetName=NetU1_5 Pin=Y1-1
Added Net: Name=NetU1_5
Added Pin To Net: NetName=NetU1_6 Pin=U1-6
Added Pin To Net: NetName=NetU1_6 Pin=Y1-2
Added Net: Name=NetU1_6
Added Pin To Net: NetName=PAPER_SNS Pin=P1-1
Added Pin To Net: NetName=PAPER_SNS Pin=R4-1
Added Net: Name=PAPER_SNS
Added Pin To Net: NetName=POWER Pin=Q1-3
Added Pin To Net: NetName=POWER Pin=R9-1
Added Net: Name=POWER
Added Pin To Net: NetName=PRN_LATCH Pin=P1-18
Added Net: Name=PRN_LATCH
Added Pin To Net: NetName=PRN_MOSI Pin=P1-7
Added Pin To Net: NetName=PRN_MOSI Pin=U1-17
Added Net: Name=PRN_MOSI
Added Pin To Net: NetName=PRN_POWER Pin=Q2-1
Added Pin To Net: NetName=PRN_POWER Pin=R11-2
Added Pin To Net: NetName=PRN_POWER Pin=U2-1
Added Net: Name=PRN_POWER
Added Pin To Net: NetName=PRN_SCLK Pin=P1-8
Added Pin To Net: NetName=PRN_SCLK Pin=U1-15
Added Net: Name=PRN_SCLK
Added Pin To Net: NetName=PRN_STROBE Pin=P1-13
Added Pin To Net: NetName=PRN_STROBE Pin=R2-1
Added Net: Name=PRN_STROBE
Added Pin To Net: NetName=PRN_TEMP Pin=P1-14
Added Pin To Net: NetName=PRN_TEMP Pin=R1-1
Added Net: Name=PRN_TEMP
Added Pin To Net: NetName=PWM-CH1-A Pin=U2-16
Added Pin To Net: NetName=PWM-CH1-A Pin=U3-2
Added Net: Name=PWM-CH1-A
Added Pin To Net: NetName=PWM-CH1-B Pin=U2-15
Added Pin To Net: NetName=PWM-CH1-B Pin=U3-3
Added Net: Name=PWM-CH1-B
Added Pin To Net: NetName=PWM-CH2-A Pin=U2-9
Added Pin To Net: NetName=PWM-CH2-A Pin=U3-4
Added Net: Name=PWM-CH2-A
Added Pin To Net: NetName=PWM-CH2-B Pin=U2-10
Added Pin To Net: NetName=PWM-CH2-B Pin=U3-5
Added Net: Name=PWM-CH2-B
Added Pin To Net: NetName=SWCLK Pin=P2-3
Added Pin To Net: NetName=SWCLK Pin=U1-37
Added Net: Name=SWCLK
Added Pin To Net: NetName=SWDIO Pin=P2-4
Added Pin To Net: NetName=SWDIO Pin=U1-34
Added Net: Name=SWDIO
Added Pin To Net: NetName=USB-N Pin=J1-A7
Added Pin To Net: NetName=USB-N Pin=J1-B7
Added Pin To Net: NetName=USB-N Pin=U1-32
Added Pin To Net: NetName=USB-N Pin=U4-2
Added Net: Name=USB-N
Added Pin To Net: NetName=USB-P Pin=J1-A6
Added Pin To Net: NetName=USB-P Pin=J1-B6
Added Pin To Net: NetName=USB-P Pin=R13-2
Added Pin To Net: NetName=USB-P Pin=U1-33
Added Pin To Net: NetName=USB-P Pin=U4-3
Added Net: Name=USB-P
Added Pin To Net: NetName=USER-LED-B Pin=R6-8
Added Net: Name=USER-LED-B
Added Pin To Net: NetName=USER-LED-G Pin=R6-7
Added Net: Name=USER-LED-G
Added Pin To Net: NetName=USER-LED-R Pin=R6-6
Added Net: Name=USER-LED-R
Added Pin To Net: NetName=USER_KEY1 Pin=K2-2
Added Net: Name=USER_KEY1
Added Pin To Net: NetName=USER_KEY2 Pin=K3-2
Added Net: Name=USER_KEY2
Added Pin To Net: NetName=USER_KEY3 Pin=K4-2
Added Net: Name=USER_KEY3
Added Pin To Net: NetName=VCC3V3 Pin=C1-2
Added Pin To Net: NetName=VCC3V3 Pin=C2-2
Added Pin To Net: NetName=VCC3V3 Pin=C3-2
Added Pin To Net: NetName=VCC3V3 Pin=C8-1
Added Pin To Net: NetName=VCC3V3 Pin=C9-2
Added Pin To Net: NetName=VCC3V3 Pin=C10-2
Added Pin To Net: NetName=VCC3V3 Pin=L1-2
Added Pin To Net: NetName=VCC3V3 Pin=P1-12
Added Pin To Net: NetName=VCC3V3 Pin=P2-2
Added Pin To Net: NetName=VCC3V3 Pin=R1-2
Added Pin To Net: NetName=VCC3V3 Pin=R3-2
Added Pin To Net: NetName=VCC3V3 Pin=R4-2
Added Pin To Net: NetName=VCC3V3 Pin=R5-2
Added Pin To Net: NetName=VCC3V3 Pin=R12-1
Added Pin To Net: NetName=VCC3V3 Pin=R13-1
Added Pin To Net: NetName=VCC3V3 Pin=U1-1
Added Pin To Net: NetName=VCC3V3 Pin=U1-9
Added Pin To Net: NetName=VCC3V3 Pin=U1-24
Added Pin To Net: NetName=VCC3V3 Pin=U1-36
Added Pin To Net: NetName=VCC3V3 Pin=U1-48
Added Pin To Net: NetName=VCC3V3 Pin=U3-20
Added Pin To Net: NetName=VCC3V3 Pin=U5-2
Added Pin To Net: NetName=VCC3V3 Pin=U5-4
Added Net: Name=VCC3V3
Added Pin To Net: NetName=VCC5V Pin=U5-3
Added Net: Name=VCC5V
Added Pin To Net: NetName=VCCUSB Pin=J1-A4
Added Pin To Net: NetName=VCCUSB Pin=J1-A9
Added Pin To Net: NetName=VCCUSB Pin=J1-B4
Added Pin To Net: NetName=VCCUSB Pin=J1-B9
Added Pin To Net: NetName=VCCUSB Pin=U4-4
Added Net: Name=VCCUSB
Added Pin To Net: NetName=VPRT Pin=C6-2
Added Pin To Net: NetName=VPRT Pin=C7-1
Added Pin To Net: NetName=VPRT Pin=P1-4
Added Pin To Net: NetName=VPRT Pin=P1-5
Added Pin To Net: NetName=VPRT Pin=P1-6
Added Pin To Net: NetName=VPRT Pin=P1-19
Added Pin To Net: NetName=VPRT Pin=P1-20
Added Pin To Net: NetName=VPRT Pin=Q1-2
Added Pin To Net: NetName=VPRT Pin=U2-12
Added Net: Name=VPRT
Added Class: Name=Sheet-ThermalType-STM32
Added Room: Name=Sheet-ThermalType-STM32
