Removed Pin From Net: NetName=USER-LED-B Pin=U1-29
Removed Pin From Net: NetName=USER-LED-G Pin=U1-30
Removed Pin From Net: NetName=USER-LED-R Pin=U1-31
Change Component Footprint: Designator=K1 Old Footprint=KEY New Footprint=KEY_MINI
Change Component Designator: OldDesignator=C4 NewDesignator=C5
Change Component Designator: OldDesignator=C5 NewDesignator=C6
Change Component Designator: OldDesignator=C6 NewDesignator=C7
Change Component Designator: OldDesignator=C7 NewDesignator=C10
Change Component Designator: OldDesignator=C8 NewDesignator=C9
Change Component Designator: OldDesignator=C9 NewDesignator=C11
Change Component Designator: OldDesignator=C10 NewDesignator=C12
Change Component Designator: OldDesignator=LED1 NewDesignator=LED2
Change Component Designator: OldDesignator=R6 NewDesignator=R8
Change Component Designator: OldDesignator=R7 NewDesignator=R6
Change Component Designator: OldDesignator=R8 NewDesignator=R7
Change Component Designator: OldDesignator=R9 NewDesignator=R10
Change Component Designator: OldDesignator=R10 NewDesignator=R11
Change Component Designator: OldDesignator=R11 NewDesignator=R13
Change Component Designator: OldDesignator=R13 NewDesignator=R14
Added Component: Designator=C4(0603c)
Added Component: Designator=C8(ECAP_V)
Added Component: Designator=DCIN1(DC10B)
Added Component: Designator=J2(JUMP)
Added Component: Designator=LED1(0603LED)
Added Component: Designator=P2(sh1.25_LT_5P)
Add component (AddParameter): Name = "LatestRevisionDate"; Value = "17-Jul-2002"; VariantName = "[No Variations]"
Add component (AddParameter): Name = "LatestRevisionNote"; Value = "Re-released for DXP Platform."; VariantName = "[No Variations]"
Add component (AddParameter): Name = "Publisher"; Value = "Altium Limited"; VariantName = "[No Variations]"
Added Component: Designator=P3(SH1.25_LT_4P)
Add component (AddParameter): Name = "LatestRevisionDate"; Value = "17-Jul-2002"; VariantName = "[No Variations]"
Add component (AddParameter): Name = "LatestRevisionNote"; Value = "Re-released for DXP Platform."; VariantName = "[No Variations]"
Add component (AddParameter): Name = "Publisher"; Value = "Altium Limited"; VariantName = "[No Variations]"
Added Component: Designator=P4(SH1.25_LT_4P)
Add component (AddParameter): Name = "LatestRevisionDate"; Value = "17-Jul-2002"; VariantName = "[No Variations]"
Add component (AddParameter): Name = "LatestRevisionNote"; Value = "Re-released for DXP Platform."; VariantName = "[No Variations]"
Add component (AddParameter): Name = "Publisher"; Value = "Altium Limited"; VariantName = "[No Variations]"
Added Component: Designator=P5(HDR1X2)
Add component (AddParameter): Name = "LatestRevisionDate"; Value = "17-Jul-2002"; VariantName = "[No Variations]"
Add component (AddParameter): Name = "LatestRevisionNote"; Value = "Re-released for DXP Platform."; VariantName = "[No Variations]"
Add component (AddParameter): Name = "Publisher"; Value = "Altium Limited"; VariantName = "[No Variations]"
Added Component: Designator=R9(0603r)
Added Component: Designator=S1(×ÔËø¿ª¹Ø)
Added Pin To Net: NetName=GND Pin=C4-1
Added Pin To Net: NetName=VCC3V3 Pin=C4-2
Added Pin To Net: NetName=GND Pin=C8-2
Added Pin To Net: NetName=GND Pin=DCIN1-2
Added Pin To Net: NetName=GND Pin=DCIN1-3
Added Pin To Net: NetName=VCCUSB Pin=J2-1
Added Pin To Net: NetName=VCC5V Pin=J2-2
Added Pin To Net: NetName=GND Pin=LED1-2
Added Pin To Net: NetName=VCC3V3 Pin=P2-1
Added Pin To Net: NetName=GND Pin=P2-2
Added Pin To Net: NetName=NetC4_1 Pin=P2-3
Added Pin To Net: NetName=SWDIO Pin=P2-4
Added Pin To Net: NetName=SWCLK Pin=P2-5
Added Pin To Net: NetName=VCC3V3 Pin=P3-1
Added Pin To Net: NetName=GND Pin=P3-2
Added Pin To Net: NetName=VCC5V Pin=P4-1
Added Pin To Net: NetName=GND Pin=P4-2
Added Pin To Net: NetName=VCC5V Pin=P5-1
Added Pin To Net: NetName=VPRT Pin=R9-2
Added Pin To Net: NetName=USER-LED-B Pin=U1-25
Added Pin To Net: NetName=USER-LED-G Pin=U1-26
Added Pin To Net: NetName=USER-LED-R Pin=U1-27
Change Net Name : Old Net Name=NetC4_1 New Net Name=NRST
Change Net Name : Old Net Name=NetC5_2 New Net Name=NetC6_2
Change Net Name : Old Net Name=NetC6_1 New Net Name=NetC7_1
Change Net Name : Old Net Name=NetLED1_1 New Net Name=NetLED2_1
Change Net Name : Old Net Name=NetR7_1 New Net Name=NetR6_1
Change Net Name : Old Net Name=NetR8_1 New Net Name=NetR7_1
Added Pin To Net: NetName=NetDCIN1_1 Pin=DCIN1-1
Added Pin To Net: NetName=NetDCIN1_1 Pin=S1-2
Added Pin To Net: NetName=NetDCIN1_1 Pin=S1-2
Added Net: Name=NetDCIN1_1
Added Pin To Net: NetName=NetLED1_1 Pin=LED1-1
Added Pin To Net: NetName=NetLED1_1 Pin=R9-1
Added Net: Name=NetLED1_1
Added Pin To Net: NetName=POWERIN_5V Pin=C8-1
Added Pin To Net: NetName=POWERIN_5V Pin=P5-2
Added Pin To Net: NetName=POWERIN_5V Pin=Q1-3
Added Pin To Net: NetName=POWERIN_5V Pin=R10-1
Added Pin To Net: NetName=POWERIN_5V Pin=S1-3
Added Pin To Net: NetName=POWERIN_5V Pin=S1-3
Added Net: Name=POWERIN_5V
Added Pin To Net: NetName=USART1-RX Pin=P3-3
Added Pin To Net: NetName=USART1-RX Pin=U1-31
Added Net: Name=USART1-RX
Added Pin To Net: NetName=USART1-TX Pin=P3-4
Added Pin To Net: NetName=USART1-TX Pin=U1-30
Added Net: Name=USART1-TX
Added Pin To Net: NetName=USART3-RX Pin=P4-3
Added Pin To Net: NetName=USART3-RX Pin=U1-22
Added Net: Name=USART3-RX
Added Pin To Net: NetName=USART3-TX Pin=P4-4
Added Pin To Net: NetName=USART3-TX Pin=U1-21
Added Net: Name=USART3-TX
Added Member To Class: ClassName=Sheet-ThermalType-STM32 Member=Component C11 104
Added Member To Class: ClassName=Sheet-ThermalType-STM32 Member=Component C12 10uF
Added Member To Class: ClassName=Sheet-ThermalType-STM32 Member=Component DCIN1 DCPOW
Added Member To Class: ClassName=Sheet-ThermalType-STM32 Member=Component J2 JUMP
Added Member To Class: ClassName=Sheet-ThermalType-STM32 Member=Component LED2 0603LED
Added Member To Class: ClassName=Sheet-ThermalType-STM32 Member=Component P2 Header 5
Added Member To Class: ClassName=Sheet-ThermalType-STM32 Member=Component P3 Header 4
Added Member To Class: ClassName=Sheet-ThermalType-STM32 Member=Component P4 Header 4
Added Member To Class: ClassName=Sheet-ThermalType-STM32 Member=Component P5 Header 2
Added Member To Class: ClassName=Sheet-ThermalType-STM32 Member=Component R14 1.5K
Added Member To Class: ClassName=Sheet-ThermalType-STM32 Member=Component S1 BUTTON_POW
Added Room: Name=Sheet-ThermalType-STM32
